2012.03.26 21:34:02 INFO  c.j.e.a.LoggingAspect  Entering method getCardinalityMap Argument details {}[coll] Values [[1, 2, 3, 4, 5, 6]]
2012.03.26 21:34:02 INFO  c.j.e.a.LoggingAspect  Entering method isEmptyCollection Argument details {}[coll] Values [[1, 2, 3, 4, 5, 6]]
2012.03.26 21:34:02 INFO  c.j.e.a.LoggingAspect  Exiting method isEmptyCollection Execution took :14 msec .Method returns false 
2012.03.26 21:34:02 INFO  c.j.e.a.LoggingAspect  Exiting method getCardinalityMap Execution took :15 msec .Method returns {1=1, 2=1, 3=1, 4=1, 5=1, 6=1} 
2012.03.26 21:34:02 INFO  c.j.e.a.LoggingAspect  Entering method getCardinalityMap Argument details {}[coll] Values [[1, 2, 7, 8, 9, 10]]
2012.03.26 21:34:02 INFO  c.j.e.a.LoggingAspect  Entering method isEmptyCollection Argument details {}[coll] Values [[1, 2, 7, 8, 9, 10]]
2012.03.26 21:34:02 INFO  c.j.e.a.LoggingAspect  Exiting method isEmptyCollection Execution took :0 msec .Method returns false 
2012.03.26 21:34:02 INFO  c.j.e.a.LoggingAspect  Exiting method getCardinalityMap Execution took :1 msec .Method returns {1=1, 2=1, 7=1, 8=1, 9=1, 10=1} 
2012.03.26 21:34:02 INFO  c.j.e.a.LoggingAspect  Entering method isEmptyCollection Argument details {}[coll] Values [[1, 2, 3, 4, 5, 6, 7, 8, 9, 10]]
2012.03.26 21:34:02 INFO  c.j.e.a.LoggingAspect  Exiting method isEmptyCollection Execution took :0 msec .Method returns false 
2012.03.26 21:34:02 INFO  c.j.e.a.LoggingAspect  Entering method getFreq Argument details {}[obj, freqMap] Values [1, {1=1, 2=1, 3=1, 4=1, 5=1, 6=1}]
2012.03.26 21:34:02 INFO  c.j.e.a.LoggingAspect  Exiting method getFreq Execution took :0 msec .Method returns 1 
2012.03.26 21:34:02 INFO  c.j.e.a.LoggingAspect  Entering method getFreq Argument details {}[obj, freqMap] Values [1, {1=1, 2=1, 7=1, 8=1, 9=1, 10=1}]
2012.03.26 21:34:02 INFO  c.j.e.a.LoggingAspect  Exiting method getFreq Execution took :0 msec .Method returns 1 
2012.03.26 21:34:02 INFO  c.j.e.a.LoggingAspect  Entering method getFreq Argument details {}[obj, freqMap] Values [2, {1=1, 2=1, 3=1, 4=1, 5=1, 6=1}]
2012.03.26 21:34:02 INFO  c.j.e.a.LoggingAspect  Exiting method getFreq Execution took :0 msec .Method returns 1 
2012.03.26 21:34:02 INFO  c.j.e.a.LoggingAspect  Entering method getFreq Argument details {}[obj, freqMap] Values [2, {1=1, 2=1, 7=1, 8=1, 9=1, 10=1}]
2012.03.26 21:34:02 INFO  c.j.e.a.LoggingAspect  Exiting method getFreq Execution took :0 msec .Method returns 1 
2012.03.26 21:34:02 INFO  c.j.e.a.LoggingAspect  Entering method getFreq Argument details {}[obj, freqMap] Values [3, {1=1, 2=1, 3=1, 4=1, 5=1, 6=1}]
2012.03.26 21:34:02 INFO  c.j.e.a.LoggingAspect  Exiting method getFreq Execution took :0 msec .Method returns 1 
2012.03.26 21:34:02 INFO  c.j.e.a.LoggingAspect  Entering method getFreq Argument details {}[obj, freqMap] Values [3, {1=1, 2=1, 7=1, 8=1, 9=1, 10=1}]
2012.03.26 21:34:02 INFO  c.j.e.a.LoggingAspect  Exiting method getFreq Execution took :0 msec .Method returns 0 
2012.03.26 21:34:02 INFO  c.j.e.a.LoggingAspect  Entering method getFreq Argument details {}[obj, freqMap] Values [4, {1=1, 2=1, 3=1, 4=1, 5=1, 6=1}]
2012.03.26 21:34:02 INFO  c.j.e.a.LoggingAspect  Exiting method getFreq Execution took :0 msec .Method returns 1 
2012.03.26 21:34:02 INFO  c.j.e.a.LoggingAspect  Entering method getFreq Argument details {}[obj, freqMap] Values [4, {1=1, 2=1, 7=1, 8=1, 9=1, 10=1}]
2012.03.26 21:34:02 INFO  c.j.e.a.LoggingAspect  Exiting method getFreq Execution took :0 msec .Method returns 0 
2012.03.26 21:34:02 INFO  c.j.e.a.LoggingAspect  Entering method getFreq Argument details {}[obj, freqMap] Values [5, {1=1, 2=1, 3=1, 4=1, 5=1, 6=1}]
2012.03.26 21:34:02 INFO  c.j.e.a.LoggingAspect  Exiting method getFreq Execution took :0 msec .Method returns 1 
2012.03.26 21:34:02 INFO  c.j.e.a.LoggingAspect  Entering method getFreq Argument details {}[obj, freqMap] Values [5, {1=1, 2=1, 7=1, 8=1, 9=1, 10=1}]
2012.03.26 21:34:02 INFO  c.j.e.a.LoggingAspect  Exiting method getFreq Execution took :0 msec .Method returns 0 
2012.03.26 21:34:02 INFO  c.j.e.a.LoggingAspect  Entering method getFreq Argument details {}[obj, freqMap] Values [6, {1=1, 2=1, 3=1, 4=1, 5=1, 6=1}]
2012.03.26 21:34:02 INFO  c.j.e.a.LoggingAspect  Exiting method getFreq Execution took :0 msec .Method returns 1 
2012.03.26 21:34:02 INFO  c.j.e.a.LoggingAspect  Entering method getFreq Argument details {}[obj, freqMap] Values [6, {1=1, 2=1, 7=1, 8=1, 9=1, 10=1}]
2012.03.26 21:34:02 INFO  c.j.e.a.LoggingAspect  Exiting method getFreq Execution took :0 msec .Method returns 0 
2012.03.26 21:34:02 INFO  c.j.e.a.LoggingAspect  Entering method getFreq Argument details {}[obj, freqMap] Values [7, {1=1, 2=1, 3=1, 4=1, 5=1, 6=1}]
2012.03.26 21:34:02 INFO  c.j.e.a.LoggingAspect  Exiting method getFreq Execution took :0 msec .Method returns 0 
2012.03.26 21:34:02 INFO  c.j.e.a.LoggingAspect  Entering method getFreq Argument details {}[obj, freqMap] Values [7, {1=1, 2=1, 7=1, 8=1, 9=1, 10=1}]
2012.03.26 21:34:02 INFO  c.j.e.a.LoggingAspect  Exiting method getFreq Execution took :0 msec .Method returns 1 
2012.03.26 21:34:02 INFO  c.j.e.a.LoggingAspect  Entering method getFreq Argument details {}[obj, freqMap] Values [8, {1=1, 2=1, 3=1, 4=1, 5=1, 6=1}]
2012.03.26 21:34:02 INFO  c.j.e.a.LoggingAspect  Exiting method getFreq Execution took :0 msec .Method returns 0 
2012.03.26 21:34:02 INFO  c.j.e.a.LoggingAspect  Entering method getFreq Argument details {}[obj, freqMap] Values [8, {1=1, 2=1, 7=1, 8=1, 9=1, 10=1}]
2012.03.26 21:34:02 INFO  c.j.e.a.LoggingAspect  Exiting method getFreq Execution took :0 msec .Method returns 1 
2012.03.26 21:34:02 INFO  c.j.e.a.LoggingAspect  Entering method getFreq Argument details {}[obj, freqMap] Values [9, {1=1, 2=1, 3=1, 4=1, 5=1, 6=1}]
2012.03.26 21:34:02 INFO  c.j.e.a.LoggingAspect  Exiting method getFreq Execution took :0 msec .Method returns 0 
2012.03.26 21:34:02 INFO  c.j.e.a.LoggingAspect  Entering method getFreq Argument details {}[obj, freqMap] Values [9, {1=1, 2=1, 7=1, 8=1, 9=1, 10=1}]
2012.03.26 21:34:02 INFO  c.j.e.a.LoggingAspect  Exiting method getFreq Execution took :0 msec .Method returns 1 
2012.03.26 21:34:02 INFO  c.j.e.a.LoggingAspect  Entering method getFreq Argument details {}[obj, freqMap] Values [10, {1=1, 2=1, 3=1, 4=1, 5=1, 6=1}]
2012.03.26 21:34:02 INFO  c.j.e.a.LoggingAspect  Exiting method getFreq Execution took :0 msec .Method returns 0 
2012.03.26 21:34:02 INFO  c.j.e.a.LoggingAspect  Entering method getFreq Argument details {}[obj, freqMap] Values [10, {1=1, 2=1, 7=1, 8=1, 9=1, 10=1}]
2012.03.26 21:34:02 INFO  c.j.e.a.LoggingAspect  Exiting method getFreq Execution took :0 msec .Method returns 1 
2012.03.26 21:34:02 INFO  c.j.e.a.LoggingAspect  Entering method getCardinalityMap Argument details {}[coll] Values [[1, 2, 3, 4, 5, 6]]
2012.03.26 21:34:02 INFO  c.j.e.a.LoggingAspect  Entering method isEmptyCollection Argument details {}[coll] Values [[1, 2, 3, 4, 5, 6]]
2012.03.26 21:34:02 INFO  c.j.e.a.LoggingAspect  Exiting method isEmptyCollection Execution took :0 msec .Method returns false 
2012.03.26 21:34:02 INFO  c.j.e.a.LoggingAspect  Exiting method getCardinalityMap Execution took :0 msec .Method returns {1=1, 2=1, 3=1, 4=1, 5=1, 6=1} 
2012.03.26 21:34:02 INFO  c.j.e.a.LoggingAspect  Entering method getCardinalityMap Argument details {}[coll] Values [[1, 2, 7, 8, 9, 10]]
2012.03.26 21:34:02 INFO  c.j.e.a.LoggingAspect  Entering method isEmptyCollection Argument details {}[coll] Values [[1, 2, 7, 8, 9, 10]]
2012.03.26 21:34:02 INFO  c.j.e.a.LoggingAspect  Exiting method isEmptyCollection Execution took :0 msec .Method returns false 
2012.03.26 21:34:02 INFO  c.j.e.a.LoggingAspect  Exiting method getCardinalityMap Execution took :0 msec .Method returns {1=1, 2=1, 7=1, 8=1, 9=1, 10=1} 
2012.03.26 21:34:02 INFO  c.j.e.a.LoggingAspect  Entering method isEmptyCollection Argument details {}[coll] Values [[1, 2, 3, 4, 5, 6, 7, 8, 9, 10]]
2012.03.26 21:34:02 INFO  c.j.e.a.LoggingAspect  Exiting method isEmptyCollection Execution took :0 msec .Method returns false 
2012.03.26 21:34:02 INFO  c.j.e.a.LoggingAspect  Entering method getFreq Argument details {}[obj, freqMap] Values [1, {1=1, 2=1, 3=1, 4=1, 5=1, 6=1}]
2012.03.26 21:34:02 INFO  c.j.e.a.LoggingAspect  Exiting method getFreq Execution took :0 msec .Method returns 1 
2012.03.26 21:34:02 INFO  c.j.e.a.LoggingAspect  Entering method getFreq Argument details {}[obj, freqMap] Values [1, {1=1, 2=1, 7=1, 8=1, 9=1, 10=1}]
2012.03.26 21:34:02 INFO  c.j.e.a.LoggingAspect  Exiting method getFreq Execution took :0 msec .Method returns 1 
2012.03.26 21:34:02 INFO  c.j.e.a.LoggingAspect  Entering method getFreq Argument details {}[obj, freqMap] Values [2, {1=1, 2=1, 3=1, 4=1, 5=1, 6=1}]
2012.03.26 21:34:02 INFO  c.j.e.a.LoggingAspect  Exiting method getFreq Execution took :0 msec .Method returns 1 
2012.03.26 21:34:02 INFO  c.j.e.a.LoggingAspect  Entering method getFreq Argument details {}[obj, freqMap] Values [2, {1=1, 2=1, 7=1, 8=1, 9=1, 10=1}]
2012.03.26 21:34:02 INFO  c.j.e.a.LoggingAspect  Exiting method getFreq Execution took :0 msec .Method returns 1 
2012.03.26 21:34:02 INFO  c.j.e.a.LoggingAspect  Entering method getFreq Argument details {}[obj, freqMap] Values [3, {1=1, 2=1, 3=1, 4=1, 5=1, 6=1}]
2012.03.26 21:34:02 INFO  c.j.e.a.LoggingAspect  Exiting method getFreq Execution took :0 msec .Method returns 1 
2012.03.26 21:34:02 INFO  c.j.e.a.LoggingAspect  Entering method getFreq Argument details {}[obj, freqMap] Values [3, {1=1, 2=1, 7=1, 8=1, 9=1, 10=1}]
2012.03.26 21:34:02 INFO  c.j.e.a.LoggingAspect  Exiting method getFreq Execution took :0 msec .Method returns 0 
2012.03.26 21:34:02 INFO  c.j.e.a.LoggingAspect  Entering method getFreq Argument details {}[obj, freqMap] Values [4, {1=1, 2=1, 3=1, 4=1, 5=1, 6=1}]
2012.03.26 21:34:02 INFO  c.j.e.a.LoggingAspect  Exiting method getFreq Execution took :0 msec .Method returns 1 
2012.03.26 21:34:02 INFO  c.j.e.a.LoggingAspect  Entering method getFreq Argument details {}[obj, freqMap] Values [4, {1=1, 2=1, 7=1, 8=1, 9=1, 10=1}]
2012.03.26 21:34:02 INFO  c.j.e.a.LoggingAspect  Exiting method getFreq Execution took :0 msec .Method returns 0 
2012.03.26 21:34:02 INFO  c.j.e.a.LoggingAspect  Entering method getFreq Argument details {}[obj, freqMap] Values [5, {1=1, 2=1, 3=1, 4=1, 5=1, 6=1}]
2012.03.26 21:34:02 INFO  c.j.e.a.LoggingAspect  Exiting method getFreq Execution took :0 msec .Method returns 1 
2012.03.26 21:34:02 INFO  c.j.e.a.LoggingAspect  Entering method getFreq Argument details {}[obj, freqMap] Values [5, {1=1, 2=1, 7=1, 8=1, 9=1, 10=1}]
2012.03.26 21:34:02 INFO  c.j.e.a.LoggingAspect  Exiting method getFreq Execution took :0 msec .Method returns 0 
2012.03.26 21:34:02 INFO  c.j.e.a.LoggingAspect  Entering method getFreq Argument details {}[obj, freqMap] Values [6, {1=1, 2=1, 3=1, 4=1, 5=1, 6=1}]
2012.03.26 21:34:02 INFO  c.j.e.a.LoggingAspect  Exiting method getFreq Execution took :0 msec .Method returns 1 
2012.03.26 21:34:02 INFO  c.j.e.a.LoggingAspect  Entering method getFreq Argument details {}[obj, freqMap] Values [6, {1=1, 2=1, 7=1, 8=1, 9=1, 10=1}]
2012.03.26 21:34:02 INFO  c.j.e.a.LoggingAspect  Exiting method getFreq Execution took :0 msec .Method returns 0 
2012.03.26 21:34:02 INFO  c.j.e.a.LoggingAspect  Entering method getFreq Argument details {}[obj, freqMap] Values [7, {1=1, 2=1, 3=1, 4=1, 5=1, 6=1}]
2012.03.26 21:34:02 INFO  c.j.e.a.LoggingAspect  Exiting method getFreq Execution took :0 msec .Method returns 0 
2012.03.26 21:34:02 INFO  c.j.e.a.LoggingAspect  Entering method getFreq Argument details {}[obj, freqMap] Values [7, {1=1, 2=1, 7=1, 8=1, 9=1, 10=1}]
2012.03.26 21:34:02 INFO  c.j.e.a.LoggingAspect  Exiting method getFreq Execution took :0 msec .Method returns 1 
2012.03.26 21:34:02 INFO  c.j.e.a.LoggingAspect  Entering method getFreq Argument details {}[obj, freqMap] Values [8, {1=1, 2=1, 3=1, 4=1, 5=1, 6=1}]
2012.03.26 21:34:02 INFO  c.j.e.a.LoggingAspect  Exiting method getFreq Execution took :0 msec .Method returns 0 
2012.03.26 21:34:02 INFO  c.j.e.a.LoggingAspect  Entering method getFreq Argument details {}[obj, freqMap] Values [8, {1=1, 2=1, 7=1, 8=1, 9=1, 10=1}]
2012.03.26 21:34:02 INFO  c.j.e.a.LoggingAspect  Exiting method getFreq Execution took :0 msec .Method returns 1 
2012.03.26 21:34:02 INFO  c.j.e.a.LoggingAspect  Entering method getFreq Argument details {}[obj, freqMap] Values [9, {1=1, 2=1, 3=1, 4=1, 5=1, 6=1}]
2012.03.26 21:34:02 INFO  c.j.e.a.LoggingAspect  Exiting method getFreq Execution took :0 msec .Method returns 0 
2012.03.26 21:34:02 INFO  c.j.e.a.LoggingAspect  Entering method getFreq Argument details {}[obj, freqMap] Values [9, {1=1, 2=1, 7=1, 8=1, 9=1, 10=1}]
2012.03.26 21:34:02 INFO  c.j.e.a.LoggingAspect  Exiting method getFreq Execution took :0 msec .Method returns 1 
2012.03.26 21:34:02 INFO  c.j.e.a.LoggingAspect  Entering method getFreq Argument details {}[obj, freqMap] Values [10, {1=1, 2=1, 3=1, 4=1, 5=1, 6=1}]
2012.03.26 21:34:02 INFO  c.j.e.a.LoggingAspect  Exiting method getFreq Execution took :0 msec .Method returns 0 
2012.03.26 21:34:02 INFO  c.j.e.a.LoggingAspect  Entering method getFreq Argument details {}[obj, freqMap] Values [10, {1=1, 2=1, 7=1, 8=1, 9=1, 10=1}]
2012.03.26 21:34:02 INFO  c.j.e.a.LoggingAspect  Exiting method getFreq Execution took :0 msec .Method returns 1 
2012.03.26 22:14:30 INFO  c.j.e.a.LoggingAspect  Entering method getCardinalityMap Argument details {}[coll] Values [[1, 2, 3, 4, 5, 6]]
2012.03.26 22:14:30 INFO  c.j.e.a.LoggingAspect  Entering method isEmptyCollection Argument details {}[coll] Values [[1, 2, 3, 4, 5, 6]]
2012.03.26 22:14:30 INFO  c.j.e.a.LoggingAspect  Exiting method isEmptyCollection Execution took :47 msec .Method returns false 
2012.03.26 22:14:30 INFO  c.j.e.a.LoggingAspect  Exiting method getCardinalityMap Execution took :47 msec .Method returns {1=1, 2=1, 3=1, 4=1, 5=1, 6=1} 
2012.03.26 22:14:30 INFO  c.j.e.a.LoggingAspect  Entering method getCardinalityMap Argument details {}[coll] Values [[1, 2, 7, 8, 9, 10]]
2012.03.26 22:14:30 INFO  c.j.e.a.LoggingAspect  Entering method isEmptyCollection Argument details {}[coll] Values [[1, 2, 7, 8, 9, 10]]
2012.03.26 22:14:30 INFO  c.j.e.a.LoggingAspect  Exiting method isEmptyCollection Execution took :0 msec .Method returns false 
2012.03.26 22:14:30 INFO  c.j.e.a.LoggingAspect  Exiting method getCardinalityMap Execution took :1 msec .Method returns {1=1, 2=1, 7=1, 8=1, 9=1, 10=1} 
2012.03.26 22:14:30 INFO  c.j.e.a.LoggingAspect  Entering method isEmptyCollection Argument details {}[coll] Values [[1, 2, 3, 4, 5, 6, 7, 8, 9, 10]]
2012.03.26 22:14:30 INFO  c.j.e.a.LoggingAspect  Exiting method isEmptyCollection Execution took :0 msec .Method returns false 
2012.03.26 22:14:30 INFO  c.j.e.a.LoggingAspect  Entering method getFreq Argument details {}[obj, freqMap] Values [1, {1=1, 2=1, 3=1, 4=1, 5=1, 6=1}]
2012.03.26 22:14:30 INFO  c.j.e.a.LoggingAspect  Exiting method getFreq Execution took :0 msec .Method returns 1 
2012.03.26 22:14:30 INFO  c.j.e.a.LoggingAspect  Entering method getFreq Argument details {}[obj, freqMap] Values [1, {1=1, 2=1, 7=1, 8=1, 9=1, 10=1}]
2012.03.26 22:14:30 INFO  c.j.e.a.LoggingAspect  Exiting method getFreq Execution took :0 msec .Method returns 1 
2012.03.26 22:14:30 INFO  c.j.e.a.LoggingAspect  Entering method getFreq Argument details {}[obj, freqMap] Values [2, {1=1, 2=1, 3=1, 4=1, 5=1, 6=1}]
2012.03.26 22:14:30 INFO  c.j.e.a.LoggingAspect  Exiting method getFreq Execution took :0 msec .Method returns 1 
2012.03.26 22:14:30 INFO  c.j.e.a.LoggingAspect  Entering method getFreq Argument details {}[obj, freqMap] Values [2, {1=1, 2=1, 7=1, 8=1, 9=1, 10=1}]
2012.03.26 22:14:30 INFO  c.j.e.a.LoggingAspect  Exiting method getFreq Execution took :0 msec .Method returns 1 
2012.03.26 22:14:30 INFO  c.j.e.a.LoggingAspect  Entering method getFreq Argument details {}[obj, freqMap] Values [3, {1=1, 2=1, 3=1, 4=1, 5=1, 6=1}]
2012.03.26 22:14:30 INFO  c.j.e.a.LoggingAspect  Exiting method getFreq Execution took :0 msec .Method returns 1 
2012.03.26 22:14:30 INFO  c.j.e.a.LoggingAspect  Entering method getFreq Argument details {}[obj, freqMap] Values [3, {1=1, 2=1, 7=1, 8=1, 9=1, 10=1}]
2012.03.26 22:14:30 INFO  c.j.e.a.LoggingAspect  Exiting method getFreq Execution took :0 msec .Method returns 0 
2012.03.26 22:14:30 INFO  c.j.e.a.LoggingAspect  Entering method getFreq Argument details {}[obj, freqMap] Values [4, {1=1, 2=1, 3=1, 4=1, 5=1, 6=1}]
2012.03.26 22:14:30 INFO  c.j.e.a.LoggingAspect  Exiting method getFreq Execution took :0 msec .Method returns 1 
2012.03.26 22:14:30 INFO  c.j.e.a.LoggingAspect  Entering method getFreq Argument details {}[obj, freqMap] Values [4, {1=1, 2=1, 7=1, 8=1, 9=1, 10=1}]
2012.03.26 22:14:30 INFO  c.j.e.a.LoggingAspect  Exiting method getFreq Execution took :0 msec .Method returns 0 
2012.03.26 22:14:30 INFO  c.j.e.a.LoggingAspect  Entering method getFreq Argument details {}[obj, freqMap] Values [5, {1=1, 2=1, 3=1, 4=1, 5=1, 6=1}]
2012.03.26 22:14:30 INFO  c.j.e.a.LoggingAspect  Exiting method getFreq Execution took :0 msec .Method returns 1 
2012.03.26 22:14:30 INFO  c.j.e.a.LoggingAspect  Entering method getFreq Argument details {}[obj, freqMap] Values [5, {1=1, 2=1, 7=1, 8=1, 9=1, 10=1}]
2012.03.26 22:14:30 INFO  c.j.e.a.LoggingAspect  Exiting method getFreq Execution took :0 msec .Method returns 0 
2012.03.26 22:14:30 INFO  c.j.e.a.LoggingAspect  Entering method getFreq Argument details {}[obj, freqMap] Values [6, {1=1, 2=1, 3=1, 4=1, 5=1, 6=1}]
2012.03.26 22:14:30 INFO  c.j.e.a.LoggingAspect  Exiting method getFreq Execution took :0 msec .Method returns 1 
2012.03.26 22:14:30 INFO  c.j.e.a.LoggingAspect  Entering method getFreq Argument details {}[obj, freqMap] Values [6, {1=1, 2=1, 7=1, 8=1, 9=1, 10=1}]
2012.03.26 22:14:30 INFO  c.j.e.a.LoggingAspect  Exiting method getFreq Execution took :0 msec .Method returns 0 
2012.03.26 22:14:30 INFO  c.j.e.a.LoggingAspect  Entering method getFreq Argument details {}[obj, freqMap] Values [7, {1=1, 2=1, 3=1, 4=1, 5=1, 6=1}]
2012.03.26 22:14:30 INFO  c.j.e.a.LoggingAspect  Exiting method getFreq Execution took :0 msec .Method returns 0 
2012.03.26 22:14:30 INFO  c.j.e.a.LoggingAspect  Entering method getFreq Argument details {}[obj, freqMap] Values [7, {1=1, 2=1, 7=1, 8=1, 9=1, 10=1}]
2012.03.26 22:14:30 INFO  c.j.e.a.LoggingAspect  Exiting method getFreq Execution took :0 msec .Method returns 1 
2012.03.26 22:14:30 INFO  c.j.e.a.LoggingAspect  Entering method getFreq Argument details {}[obj, freqMap] Values [8, {1=1, 2=1, 3=1, 4=1, 5=1, 6=1}]
2012.03.26 22:14:30 INFO  c.j.e.a.LoggingAspect  Exiting method getFreq Execution took :0 msec .Method returns 0 
2012.03.26 22:14:30 INFO  c.j.e.a.LoggingAspect  Entering method getFreq Argument details {}[obj, freqMap] Values [8, {1=1, 2=1, 7=1, 8=1, 9=1, 10=1}]
2012.03.26 22:14:30 INFO  c.j.e.a.LoggingAspect  Exiting method getFreq Execution took :0 msec .Method returns 1 
2012.03.26 22:14:30 INFO  c.j.e.a.LoggingAspect  Entering method getFreq Argument details {}[obj, freqMap] Values [9, {1=1, 2=1, 3=1, 4=1, 5=1, 6=1}]
2012.03.26 22:14:30 INFO  c.j.e.a.LoggingAspect  Exiting method getFreq Execution took :0 msec .Method returns 0 
2012.03.26 22:14:30 INFO  c.j.e.a.LoggingAspect  Entering method getFreq Argument details {}[obj, freqMap] Values [9, {1=1, 2=1, 7=1, 8=1, 9=1, 10=1}]
2012.03.26 22:14:30 INFO  c.j.e.a.LoggingAspect  Exiting method getFreq Execution took :0 msec .Method returns 1 
2012.03.26 22:14:30 INFO  c.j.e.a.LoggingAspect  Entering method getFreq Argument details {}[obj, freqMap] Values [10, {1=1, 2=1, 3=1, 4=1, 5=1, 6=1}]
2012.03.26 22:14:30 INFO  c.j.e.a.LoggingAspect  Exiting method getFreq Execution took :0 msec .Method returns 0 
2012.03.26 22:14:30 INFO  c.j.e.a.LoggingAspect  Entering method getFreq Argument details {}[obj, freqMap] Values [10, {1=1, 2=1, 7=1, 8=1, 9=1, 10=1}]
2012.03.26 22:14:30 INFO  c.j.e.a.LoggingAspect  Exiting method getFreq Execution took :0 msec .Method returns 1 
2012.03.26 22:14:30 INFO  c.j.e.a.LoggingAspect  Entering method getCardinalityMap Argument details {}[coll] Values [[1, 2, 3, 4, 5, 6]]
2012.03.26 22:14:30 INFO  c.j.e.a.LoggingAspect  Entering method isEmptyCollection Argument details {}[coll] Values [[1, 2, 3, 4, 5, 6]]
2012.03.26 22:14:30 INFO  c.j.e.a.LoggingAspect  Exiting method isEmptyCollection Execution took :0 msec .Method returns false 
2012.03.26 22:14:30 INFO  c.j.e.a.LoggingAspect  Exiting method getCardinalityMap Execution took :1 msec .Method returns {1=1, 2=1, 3=1, 4=1, 5=1, 6=1} 
2012.03.26 22:14:30 INFO  c.j.e.a.LoggingAspect  Entering method getCardinalityMap Argument details {}[coll] Values [[1, 2, 7, 8, 9, 10]]
2012.03.26 22:14:30 INFO  c.j.e.a.LoggingAspect  Entering method isEmptyCollection Argument details {}[coll] Values [[1, 2, 7, 8, 9, 10]]
2012.03.26 22:14:30 INFO  c.j.e.a.LoggingAspect  Exiting method isEmptyCollection Execution took :0 msec .Method returns false 
2012.03.26 22:14:30 INFO  c.j.e.a.LoggingAspect  Exiting method getCardinalityMap Execution took :1 msec .Method returns {1=1, 2=1, 7=1, 8=1, 9=1, 10=1} 
2012.03.26 22:14:30 INFO  c.j.e.a.LoggingAspect  Entering method isEmptyCollection Argument details {}[coll] Values [[1, 2, 3, 4, 5, 6, 7, 8, 9, 10]]
2012.03.26 22:14:30 INFO  c.j.e.a.LoggingAspect  Exiting method isEmptyCollection Execution took :0 msec .Method returns false 
2012.03.26 22:14:30 INFO  c.j.e.a.LoggingAspect  Entering method getFreq Argument details {}[obj, freqMap] Values [1, {1=1, 2=1, 3=1, 4=1, 5=1, 6=1}]
2012.03.26 22:14:30 INFO  c.j.e.a.LoggingAspect  Exiting method getFreq Execution took :0 msec .Method returns 1 
2012.03.26 22:14:30 INFO  c.j.e.a.LoggingAspect  Entering method getFreq Argument details {}[obj, freqMap] Values [1, {1=1, 2=1, 7=1, 8=1, 9=1, 10=1}]
2012.03.26 22:14:30 INFO  c.j.e.a.LoggingAspect  Exiting method getFreq Execution took :0 msec .Method returns 1 
2012.03.26 22:14:30 INFO  c.j.e.a.LoggingAspect  Entering method getFreq Argument details {}[obj, freqMap] Values [2, {1=1, 2=1, 3=1, 4=1, 5=1, 6=1}]
2012.03.26 22:14:30 INFO  c.j.e.a.LoggingAspect  Exiting method getFreq Execution took :0 msec .Method returns 1 
2012.03.26 22:14:30 INFO  c.j.e.a.LoggingAspect  Entering method getFreq Argument details {}[obj, freqMap] Values [2, {1=1, 2=1, 7=1, 8=1, 9=1, 10=1}]
2012.03.26 22:14:30 INFO  c.j.e.a.LoggingAspect  Exiting method getFreq Execution took :0 msec .Method returns 1 
2012.03.26 22:14:30 INFO  c.j.e.a.LoggingAspect  Entering method getFreq Argument details {}[obj, freqMap] Values [3, {1=1, 2=1, 3=1, 4=1, 5=1, 6=1}]
2012.03.26 22:14:30 INFO  c.j.e.a.LoggingAspect  Exiting method getFreq Execution took :0 msec .Method returns 1 
2012.03.26 22:14:30 INFO  c.j.e.a.LoggingAspect  Entering method getFreq Argument details {}[obj, freqMap] Values [3, {1=1, 2=1, 7=1, 8=1, 9=1, 10=1}]
2012.03.26 22:14:30 INFO  c.j.e.a.LoggingAspect  Exiting method getFreq Execution took :0 msec .Method returns 0 
2012.03.26 22:14:30 INFO  c.j.e.a.LoggingAspect  Entering method getFreq Argument details {}[obj, freqMap] Values [4, {1=1, 2=1, 3=1, 4=1, 5=1, 6=1}]
2012.03.26 22:14:30 INFO  c.j.e.a.LoggingAspect  Exiting method getFreq Execution took :0 msec .Method returns 1 
2012.03.26 22:14:30 INFO  c.j.e.a.LoggingAspect  Entering method getFreq Argument details {}[obj, freqMap] Values [4, {1=1, 2=1, 7=1, 8=1, 9=1, 10=1}]
2012.03.26 22:14:30 INFO  c.j.e.a.LoggingAspect  Exiting method getFreq Execution took :0 msec .Method returns 0 
2012.03.26 22:14:30 INFO  c.j.e.a.LoggingAspect  Entering method getFreq Argument details {}[obj, freqMap] Values [5, {1=1, 2=1, 3=1, 4=1, 5=1, 6=1}]
2012.03.26 22:14:30 INFO  c.j.e.a.LoggingAspect  Exiting method getFreq Execution took :0 msec .Method returns 1 
2012.03.26 22:14:30 INFO  c.j.e.a.LoggingAspect  Entering method getFreq Argument details {}[obj, freqMap] Values [5, {1=1, 2=1, 7=1, 8=1, 9=1, 10=1}]
2012.03.26 22:14:30 INFO  c.j.e.a.LoggingAspect  Exiting method getFreq Execution took :0 msec .Method returns 0 
2012.03.26 22:14:30 INFO  c.j.e.a.LoggingAspect  Entering method getFreq Argument details {}[obj, freqMap] Values [6, {1=1, 2=1, 3=1, 4=1, 5=1, 6=1}]
2012.03.26 22:14:30 INFO  c.j.e.a.LoggingAspect  Exiting method getFreq Execution took :0 msec .Method returns 1 
2012.03.26 22:14:30 INFO  c.j.e.a.LoggingAspect  Entering method getFreq Argument details {}[obj, freqMap] Values [6, {1=1, 2=1, 7=1, 8=1, 9=1, 10=1}]
2012.03.26 22:14:30 INFO  c.j.e.a.LoggingAspect  Exiting method getFreq Execution took :0 msec .Method returns 0 
2012.03.26 22:14:30 INFO  c.j.e.a.LoggingAspect  Entering method getFreq Argument details {}[obj, freqMap] Values [7, {1=1, 2=1, 3=1, 4=1, 5=1, 6=1}]
2012.03.26 22:14:30 INFO  c.j.e.a.LoggingAspect  Exiting method getFreq Execution took :0 msec .Method returns 0 
2012.03.26 22:14:30 INFO  c.j.e.a.LoggingAspect  Entering method getFreq Argument details {}[obj, freqMap] Values [7, {1=1, 2=1, 7=1, 8=1, 9=1, 10=1}]
2012.03.26 22:14:30 INFO  c.j.e.a.LoggingAspect  Exiting method getFreq Execution took :0 msec .Method returns 1 
2012.03.26 22:14:30 INFO  c.j.e.a.LoggingAspect  Entering method getFreq Argument details {}[obj, freqMap] Values [8, {1=1, 2=1, 3=1, 4=1, 5=1, 6=1}]
2012.03.26 22:14:30 INFO  c.j.e.a.LoggingAspect  Exiting method getFreq Execution took :0 msec .Method returns 0 
2012.03.26 22:14:30 INFO  c.j.e.a.LoggingAspect  Entering method getFreq Argument details {}[obj, freqMap] Values [8, {1=1, 2=1, 7=1, 8=1, 9=1, 10=1}]
2012.03.26 22:14:30 INFO  c.j.e.a.LoggingAspect  Exiting method getFreq Execution took :0 msec .Method returns 1 
2012.03.26 22:14:30 INFO  c.j.e.a.LoggingAspect  Entering method getFreq Argument details {}[obj, freqMap] Values [9, {1=1, 2=1, 3=1, 4=1, 5=1, 6=1}]
2012.03.26 22:14:30 INFO  c.j.e.a.LoggingAspect  Exiting method getFreq Execution took :0 msec .Method returns 0 
2012.03.26 22:14:30 INFO  c.j.e.a.LoggingAspect  Entering method getFreq Argument details {}[obj, freqMap] Values [9, {1=1, 2=1, 7=1, 8=1, 9=1, 10=1}]
2012.03.26 22:14:30 INFO  c.j.e.a.LoggingAspect  Exiting method getFreq Execution took :0 msec .Method returns 1 
2012.03.26 22:14:30 INFO  c.j.e.a.LoggingAspect  Entering method getFreq Argument details {}[obj, freqMap] Values [10, {1=1, 2=1, 3=1, 4=1, 5=1, 6=1}]
2012.03.26 22:14:30 INFO  c.j.e.a.LoggingAspect  Exiting method getFreq Execution took :0 msec .Method returns 0 
2012.03.26 22:14:30 INFO  c.j.e.a.LoggingAspect  Entering method getFreq Argument details {}[obj, freqMap] Values [10, {1=1, 2=1, 7=1, 8=1, 9=1, 10=1}]
2012.03.26 22:14:30 INFO  c.j.e.a.LoggingAspect  Exiting method getFreq Execution took :0 msec .Method returns 1 
